TN:
SF:src/app.js
FN:17,(anonymous_0)
FN:27,(anonymous_1)
FNF:2
FNH:2
FNDA:1,(anonymous_0)
FNDA:1,(anonymous_1)
DA:2,1
DA:3,1
DA:4,1
DA:5,1
DA:6,1
DA:7,1
DA:8,1
DA:10,1
DA:12,1
DA:13,1
DA:14,1
DA:15,1
DA:17,1
DA:18,1
DA:22,1
DA:25,1
DA:27,1
DA:28,1
DA:30,0
DA:33,1
DA:36,1
LF:21
LH:20
BRDA:28,0,0,0
BRDA:28,0,1,1
BRF:2
BRH:1
end_of_record
TN:
SF:src/config/index.js
FNF:0
FNH:0
DA:1,1
DA:3,1
DA:6,1
DA:21,1
LF:4
LH:4
BRDA:1,0,0,1
BRDA:1,0,1,0
BRDA:7,1,0,1
BRDA:7,1,1,0
BRDA:8,2,0,1
BRDA:8,2,1,1
BRDA:9,3,0,1
BRDA:9,3,1,1
BRDA:10,4,0,1
BRDA:10,4,1,1
BRDA:11,5,0,1
BRDA:11,5,1,1
BRDA:12,6,0,1
BRDA:12,6,1,1
BRDA:13,7,0,1
BRDA:13,7,1,1
BRDA:14,8,0,1
BRDA:14,8,1,1
BRDA:15,9,0,1
BRDA:15,9,1,1
BRDA:16,10,0,1
BRDA:16,10,1,1
BRDA:17,11,0,1
BRDA:17,11,1,1
BRDA:18,12,0,1
BRDA:18,12,1,1
BRF:26
BRH:24
end_of_record
TN:
SF:src/consts/index.js
FNF:0
FNH:0
DA:1,1
DA:3,1
LF:2
LH:2
BRF:0
BRH:0
end_of_record
TN:
SF:src/consts/status.js
FNF:0
FNH:0
DA:1,1
LF:1
LH:1
BRF:0
BRH:0
end_of_record
TN:
SF:src/controllers/index.js
FNF:0
FNH:0
DA:1,1
DA:3,1
LF:2
LH:2
BRF:0
BRH:0
end_of_record
TN:
SF:src/controllers/user.controller.js
FN:8,(anonymous_0)
FN:39,(anonymous_1)
FN:78,(anonymous_2)
FN:91,(anonymous_3)
FN:121,(anonymous_4)
FN:166,(anonymous_5)
FNF:6
FNH:6
FNDA:5,(anonymous_0)
FNDA:12,(anonymous_1)
FNDA:3,(anonymous_2)
FNDA:5,(anonymous_3)
FNDA:12,(anonymous_4)
FNDA:2,(anonymous_5)
DA:2,1
DA:5,1
DA:6,1
DA:8,1
DA:9,5
DA:10,5
DA:11,1
DA:13,5
DA:22,5
DA:24,4
DA:33,4
DA:35,1
DA:39,1
DA:40,12
DA:41,12
DA:42,1
DA:44,12
DA:57,12
DA:59,4
DA:72,4
DA:74,8
DA:78,1
DA:79,3
DA:80,3
DA:81,3
DA:82,3
DA:85,1
DA:87,2
DA:91,1
DA:92,5
DA:93,5
DA:99,5
DA:101,1
DA:107,1
DA:109,4
DA:111,0
DA:112,0
DA:113,0
DA:115,4
DA:117,4
DA:121,1
DA:122,12
DA:123,12
DA:124,12
DA:125,12
DA:132,12
DA:134,12
DA:135,3
DA:139,1
DA:142,9
DA:143,3
DA:146,1
DA:149,6
DA:153,5
DA:154,5
DA:155,5
DA:156,5
DA:158,5
DA:160,5
DA:162,5
DA:166,1
DA:167,2
DA:168,2
DA:169,2
DA:170,2
DA:173,1
DA:175,1
DA:179,1
LF:68
LH:65
BRDA:10,0,0,1
BRDA:10,0,1,4
BRDA:41,1,0,1
BRDA:41,1,1,11
BRDA:109,2,0,0
BRDA:109,2,1,4
BRDA:134,3,0,3
BRDA:134,3,1,9
BRDA:142,4,0,3
BRDA:142,4,1,6
BRDA:153,5,0,2
BRDA:153,5,1,3
BRDA:154,6,0,1
BRDA:154,6,1,4
BRDA:155,7,0,1
BRDA:155,7,1,4
BRDA:156,8,0,1
BRDA:156,8,1,4
BRF:18
BRH:17
end_of_record
TN:
SF:src/managers/index.js
FNF:0
FNH:0
DA:1,1
DA:3,1
LF:2
LH:2
BRF:0
BRH:0
end_of_record
TN:
SF:src/managers/sequelize.manager.js
FNF:0
FNH:0
DA:1,1
DA:4,1
DA:5,1
DA:7,1
DA:25,1
DA:27,1
LF:6
LH:6
BRF:0
BRH:0
end_of_record
TN:
SF:src/models/index.js
FNF:0
FNH:0
DA:1,1
DA:3,1
LF:2
LH:2
BRF:0
BRH:0
end_of_record
TN:
SF:src/models/user.model.js
FN:3,(anonymous_0)
FNF:1
FNH:1
FNDA:1,(anonymous_0)
DA:1,1
DA:3,1
LF:2
LH:2
BRF:0
BRH:0
end_of_record
TN:
SF:src/routes/index.js
FN:10,(anonymous_0)
FNF:1
FNH:1
FNDA:1,(anonymous_0)
DA:1,1
DA:2,1
DA:4,1
DA:6,1
DA:8,1
DA:10,1
DA:12,1
LF:7
LH:7
BRF:0
BRH:0
end_of_record
TN:
SF:src/routes/user.routes.js
FNF:0
FNH:0
DA:1,1
DA:2,1
DA:4,1
DA:6,1
DA:7,1
DA:8,1
DA:9,1
DA:10,1
DA:11,1
DA:13,1
LF:10
LH:10
BRF:0
BRH:0
end_of_record
TN:
SF:src/services/index.js
FNF:0
FNH:0
DA:1,1
DA:3,1
LF:2
LH:2
BRF:0
BRH:0
end_of_record
TN:
SF:src/services/user.service.js
FN:8,(anonymous_0)
FN:62,(anonymous_1)
FN:125,(anonymous_2)
FN:141,(anonymous_3)
FN:150,(anonymous_4)
FN:163,(anonymous_5)
FN:176,(anonymous_6)
FNF:7
FNH:7
FNDA:4,(anonymous_0)
FNDA:4,(anonymous_1)
FNDA:17,(anonymous_2)
FNDA:1,(anonymous_3)
FNDA:3,(anonymous_4)
FNDA:3,(anonymous_5)
FNDA:2,(anonymous_6)
DA:1,1
DA:2,1
DA:3,1
DA:4,1
DA:6,1
DA:8,1
DA:15,4
DA:18,4
DA:19,1
DA:22,4
DA:23,1
DA:26,4
DA:27,1
DA:33,4
DA:34,0
DA:39,4
DA:40,0
DA:45,4
DA:46,0
DA:51,4
DA:52,0
DA:57,4
DA:62,1
DA:68,4
DA:69,4
DA:71,4
DA:75,4
DA:76,1
DA:79,4
DA:80,1
DA:83,4
DA:84,1
DA:90,4
DA:91,0
DA:96,4
DA:97,0
DA:102,4
DA:103,0
DA:108,4
DA:109,0
DA:114,4
DA:115,4
DA:117,4
DA:125,1
DA:126,17
DA:130,17
DA:134,17
DA:135,5
DA:138,12
DA:141,1
DA:143,1
DA:150,1
DA:151,3
DA:155,2
DA:156,1
DA:159,1
DA:160,1
DA:163,1
DA:164,3
DA:168,2
DA:169,1
DA:172,1
DA:173,1
DA:176,1
DA:177,2
DA:181,2
DA:182,1
DA:187,1
DA:190,1
LF:69
LH:61
BRDA:18,0,0,1
BRDA:18,0,1,3
BRDA:22,1,0,1
BRDA:22,1,1,3
BRDA:26,2,0,1
BRDA:26,2,1,3
BRDA:33,3,0,0
BRDA:33,3,1,4
BRDA:39,4,0,0
BRDA:39,4,1,4
BRDA:45,5,0,0
BRDA:45,5,1,4
BRDA:51,6,0,0
BRDA:51,6,1,4
BRDA:75,7,0,1
BRDA:75,7,1,3
BRDA:79,8,0,1
BRDA:79,8,1,3
BRDA:83,9,0,1
BRDA:83,9,1,3
BRDA:90,10,0,0
BRDA:90,10,1,4
BRDA:96,11,0,0
BRDA:96,11,1,4
BRDA:102,12,0,0
BRDA:102,12,1,4
BRDA:108,13,0,0
BRDA:108,13,1,4
BRDA:134,14,0,5
BRDA:134,14,1,12
BRDA:155,15,0,1
BRDA:155,15,1,1
BRDA:168,16,0,1
BRDA:168,16,1,1
BRDA:181,17,0,1
BRDA:181,17,1,1
BRF:36
BRH:28
end_of_record
TN:
SF:src/utils/index.js
FNF:0
FNH:0
DA:1,1
DA:2,1
DA:3,1
DA:5,1
LF:4
LH:4
BRF:0
BRH:0
end_of_record
TN:
SF:src/utils/status.js
FNF:0
FNH:0
DA:1,1
LF:1
LH:1
BRF:0
BRH:0
end_of_record
TN:
SF:src/utils/error/custom-error.js
FN:5,(anonymous_0)
FN:21,(anonymous_1)
FN:36,(anonymous_2)
FN:53,(anonymous_3)
FN:69,(anonymous_4)
FNF:5
FNH:2
FNDA:6,(anonymous_0)
FNDA:0,(anonymous_1)
FNDA:3,(anonymous_2)
FNDA:0,(anonymous_3)
FNDA:0,(anonymous_4)
DA:5,1
DA:8,6
DA:9,6
DA:10,6
DA:11,6
DA:12,6
DA:13,6
DA:14,6
DA:21,1
DA:24,0
DA:25,0
DA:26,0
DA:27,0
DA:28,0
DA:29,0
DA:36,1
DA:39,3
DA:40,3
DA:41,3
DA:42,3
DA:43,3
DA:44,3
DA:45,3
DA:53,1
DA:56,0
DA:57,0
DA:58,0
DA:59,0
DA:60,0
DA:61,0
DA:62,0
DA:69,1
DA:72,0
DA:73,0
DA:74,0
DA:75,0
DA:76,0
DA:77,0
DA:80,1
LF:39
LH:20
BRDA:6,0,0,0
BRDA:8,1,0,6
BRDA:8,1,1,6
BRDA:22,2,0,0
BRDA:37,3,0,0
BRDA:54,4,0,0
BRDA:70,5,0,0
BRF:7
BRH:2
end_of_record
TN:
SF:src/utils/error/handler.js
FN:11,(anonymous_0)
FNF:1
FNH:1
FNDA:22,(anonymous_0)
DA:1,1
DA:11,1
DA:12,22
DA:13,22
DA:14,22
LF:5
LH:5
BRF:0
BRH:0
end_of_record
TN:
SF:src/utils/error/index.js
FNF:0
FNH:0
DA:1,1
DA:2,1
DA:14,1
DA:16,1
LF:4
LH:4
BRF:0
BRH:0
end_of_record
TN:
SF:src/utils/payload/index.js
FN:8,(anonymous_0)
FN:84,(anonymous_1)
FNF:2
FNH:2
FNDA:22,(anonymous_0)
FNDA:18,(anonymous_1)
DA:1,1
DA:2,1
DA:8,1
DA:9,22
DA:10,22
DA:21,22
DA:22,0
DA:25,22
DA:26,22
DA:27,22
DA:29,0
DA:30,0
DA:31,0
DA:32,0
DA:36,0
DA:37,0
DA:38,0
DA:39,0
DA:41,13
DA:42,13
DA:43,13
DA:44,13
DA:47,0
DA:48,0
DA:49,0
DA:50,0
DA:53,0
DA:54,0
DA:55,0
DA:56,0
DA:59,6
DA:60,6
DA:61,6
DA:62,6
DA:64,3
DA:65,3
DA:66,3
DA:68,0
DA:69,0
DA:70,0
DA:71,0
DA:73,22
DA:84,18
DA:86,1
LF:44
LH:23
BRDA:11,0,0,22
BRDA:11,0,1,22
BRDA:12,1,0,22
BRDA:12,1,1,0
BRDA:21,2,0,0
BRDA:21,2,1,22
BRDA:27,3,0,0
BRDA:27,3,1,0
BRDA:27,3,2,0
BRDA:27,3,3,0
BRDA:27,3,4,13
BRDA:27,3,5,0
BRDA:27,3,6,0
BRDA:27,3,7,0
BRDA:27,3,8,0
BRDA:27,3,9,0
BRDA:27,3,10,6
BRDA:27,3,11,3
BRDA:27,3,12,0
BRF:19
BRH:7
end_of_record
TN:
SF:src/utils/payload/schema.js
FN:8,(anonymous_0)
FN:27,(anonymous_1)
FN:61,(anonymous_2)
FN:80,(anonymous_3)
FNF:4
FNH:4
FNDA:18,(anonymous_0)
FNDA:9,(anonymous_1)
FNDA:13,(anonymous_2)
FNDA:13,(anonymous_3)
DA:1,1
DA:8,18
DA:27,1
DA:30,9
DA:32,9
DA:47,9
DA:61,1
DA:64,13
DA:65,13
DA:80,13
DA:81,13
DA:87,13
DA:90,13
DA:93,1
LF:14
LH:14
BRDA:30,0,0,9
BRDA:30,0,1,4
BRDA:62,1,0,0
BRDA:64,2,0,13
BRDA:64,2,1,13
BRDA:64,2,2,0
BRF:6
BRH:4
end_of_record
TN:
SF:src/utils/success/handler.js
FN:12,(anonymous_0)
FNF:1
FNH:1
FNDA:18,(anonymous_0)
DA:1,1
DA:2,1
DA:12,1
DA:13,18
DA:14,18
LF:5
LH:5
BRF:0
BRH:0
end_of_record
TN:
SF:src/utils/success/index.js
FNF:0
FNH:0
DA:1,1
DA:3,1
LF:2
LH:2
BRF:0
BRH:0
end_of_record
TN:
SF:src/validations/add-user.validation.js
FNF:0
FNH:0
DA:2,1
DA:4,1
LF:2
LH:2
BRF:0
BRH:0
end_of_record
TN:
SF:src/validations/get-id.validation.js
FNF:0
FNH:0
DA:1,1
DA:3,1
LF:2
LH:2
BRF:0
BRH:0
end_of_record
TN:
SF:src/validations/get-list.validation.js
FNF:0
FNH:0
DA:2,1
DA:4,1
LF:2
LH:2
BRF:0
BRH:0
end_of_record
TN:
SF:src/validations/index.js
FNF:0
FNH:0
DA:1,1
DA:2,1
DA:3,1
DA:4,1
DA:6,1
LF:5
LH:5
BRF:0
BRH:0
end_of_record
TN:
SF:src/validations/update-user.validation.js
FNF:0
FNH:0
DA:2,1
DA:4,1
LF:2
LH:2
BRF:0
BRH:0
end_of_record
